<?xml version="1.0" encoding="UTF-8"?>
<!-- Generated by org.testng.reporters.JUnitReportReporter -->
<testsuite hostname="DESKTOP-T7JJ07S" failures="0" tests="1" name="LambdaTest.Scenarios.Scenario3" time="88.676" errors="0" timestamp="2024-04-11T18:20:03 IST" skipped="0">
  <testcase classname="LambdaTest.Scenarios.Scenario3" name="test" time="88.676"/>
  <system-out/>
</testsuite> <!-- LambdaTest.Scenarios.Scenario3 -->
