<?xml version="1.0" encoding="UTF-8"?>
<!-- Generated by org.testng.reporters.JUnitReportReporter -->
<testsuite hostname="DESKTOP-T7JJ07S" failures="0" tests="2" name="LambdaTest.Scenarios.Scenario1" time="58.725" errors="0" timestamp="2024-04-11T17:32:35 IST" skipped="0">
  <testcase classname="LambdaTest.Scenarios.Scenario1" name="test" time="34.045"/>
  <system-out/>
  <testcase classname="LambdaTest.Scenarios.Scenario1" name="Test" time="24.680"/>
  <system-out/>
</testsuite> <!-- LambdaTest.Scenarios.Scenario1 -->
